# JRE version: OpenJDK Runtime Environment (21.0.2+13) (build 21.0.2+13-58)
# Java VM: OpenJDK 64-Bit Server VM (21.0.2+13-58, mixed mode, sharing, tiered, compressed oops, compressed class ptrs, g1 gc, linux-amd64)
GC Precious Log:
 CardTable entry size: 512
 Card Set container configuration: InlinePtr #cards 4 size 8 Array Of Cards #cards 16 size 48 Howl #buckets 8 coarsen threshold 3686 Howl Bitmap #cards 512 size 80 coarsen threshold 460 Card regions per heap region 1 cards per card region 4096
 CPUs: 8 total, 8 available
 Memory: 15861M
 Large Page Support: Disabled
 NUMA Support: Disabled
 Compressed Oops: Enabled (Zero based)
 Heap Region Size: 2M
 Heap Min Capacity: 8M
 Heap Initial Capacity: 248M
 Heap Max Capacity: 3966M
 Pre-touch: Disabled
 Parallel Workers: 8
 Concurrent Workers: 2
 Concurrent Refinement Workers: 8
 Periodic GC: Disabled
Heap:
 garbage-first heap   total 90112K, used 25261K [0x0000000708200000, 0x0000000800000000)
  region size 2048K, 3 young (6144K), 2 survivors (4096K)
 Metaspace       used 60735K, committed 61376K, reserved 1114112K
  class space    used 8076K, committed 8384K, reserved 1048576K
GC Heap History (18 events):
Event: 0.680 GC heap before
{Heap before GC invocations=0 (full 0):
 garbage-first heap   total 256000K, used 21533K [0x0000000708200000, 0x0000000800000000)
  region size 2048K, 11 young (22528K), 0 survivors (0K)
 Metaspace       used 5531K, committed 5760K, reserved 1114112K
  class space    used 615K, committed 704K, reserved 1048576K
}
Event: 0.684 GC heap after
{Heap after GC invocations=1 (full 0):
 garbage-first heap   total 256000K, used 7053K [0x0000000708200000, 0x0000000800000000)
  region size 2048K, 2 young (4096K), 2 survivors (4096K)
 Metaspace       used 5531K, committed 5760K, reserved 1114112K
  class space    used 615K, committed 704K, reserved 1048576K
}
Event: 1.317 GC heap before
{Heap before GC invocations=1 (full 0):
 garbage-first heap   total 256000K, used 43917K [0x0000000708200000, 0x0000000800000000)
  region size 2048K, 20 young (40960K), 2 survivors (4096K)
 Metaspace       used 15678K, committed 15936K, reserved 1114112K
  class space    used 1870K, committed 1984K, reserved 1048576K
}
Event: 1.322 GC heap after
{Heap after GC invocations=2 (full 0):
 garbage-first heap   total 256000K, used 10187K [0x0000000708200000, 0x0000000800000000)
  region size 2048K, 2 young (4096K), 2 survivors (4096K)
 Metaspace       used 15678K, committed 15936K, reserved 1114112K
  class space    used 1870K, committed 1984K, reserved 1048576K
}
Event: 2.042 GC heap before
{Heap before GC invocations=2 (full 0):
 garbage-first heap   total 256000K, used 49099K [0x0000000708200000, 0x0000000800000000)
  region size 2048K, 22 young (45056K), 2 survivors (4096K)
 Metaspace       used 21210K, committed 21504K, reserved 1114112K
  class space    used 2534K, committed 2688K, reserved 1048576K
}
Event: 2.055 GC heap after
{Heap after GC invocations=3 (full 0):
 garbage-first heap   total 256000K, used 13579K [0x0000000708200000, 0x0000000800000000)
  region size 2048K, 4 young (8192K), 4 survivors (8192K)
 Metaspace       used 21210K, committed 21504K, reserved 1114112K
  class space    used 2534K, committed 2688K, reserved 1048576K
}
Event: 2.754 GC heap before
{Heap before GC invocations=4 (full 0):
 garbage-first heap   total 61440K, used 58635K [0x0000000708200000, 0x0000000800000000)
  region size 2048K, 26 young (53248K), 4 survivors (8192K)
 Metaspace       used 28930K, committed 29376K, reserved 1114112K
  class space    used 3586K, committed 3776K, reserved 1048576K
}
Event: 2.761 GC heap after
{Heap after GC invocations=5 (full 0):
 garbage-first heap   total 73728K, used 17920K [0x0000000708200000, 0x0000000800000000)
  region size 2048K, 6 young (12288K), 6 survivors (12288K)
 Metaspace       used 28930K, committed 29376K, reserved 1114112K
  class space    used 3586K, committed 3776K, reserved 1048576K
}
Event: 3.149 GC heap before
{Heap before GC invocations=5 (full 0):
 garbage-first heap   total 73728K, used 46592K [0x0000000708200000, 0x0000000800000000)
  region size 2048K, 21 young (43008K), 6 survivors (12288K)
 Metaspace       used 35433K, committed 35968K, reserved 1114112K
  class space    used 4577K, committed 4864K, reserved 1048576K
}
Event: 3.158 GC heap after
{Heap after GC invocations=6 (full 0):
 garbage-first heap   total 73728K, used 19864K [0x0000000708200000, 0x0000000800000000)
  region size 2048K, 2 young (4096K), 2 survivors (4096K)
 Metaspace       used 35433K, committed 35968K, reserved 1114112K
  class space    used 4577K, committed 4864K, reserved 1048576K
}
Event: 3.174 GC heap before
{Heap before GC invocations=6 (full 0):
 garbage-first heap   total 73728K, used 19864K [0x0000000708200000, 0x0000000800000000)
  region size 2048K, 3 young (6144K), 2 survivors (4096K)
 Metaspace       used 35804K, committed 36288K, reserved 1114112K
  class space    used 4633K, committed 4864K, reserved 1048576K
}
Event: 3.176 GC heap after
{Heap after GC invocations=7 (full 0):
 garbage-first heap   total 73728K, used 19419K [0x0000000708200000, 0x0000000800000000)
  region size 2048K, 1 young (2048K), 1 survivors (2048K)
 Metaspace       used 35804K, committed 36288K, reserved 1114112K
  class space    used 4633K, committed 4864K, reserved 1048576K
}
Event: 4.023 GC heap before
{Heap before GC invocations=8 (full 0):
 garbage-first heap   total 73728K, used 58331K [0x0000000708200000, 0x0000000800000000)
  region size 2048K, 21 young (43008K), 1 survivors (2048K)
 Metaspace       used 50748K, committed 51328K, reserved 1114112K
  class space    used 6537K, committed 6784K, reserved 1048576K
}
Event: 4.026 GC heap after
{Heap after GC invocations=9 (full 0):
 garbage-first heap   total 73728K, used 22800K [0x0000000708200000, 0x0000000800000000)
  region size 2048K, 3 young (6144K), 3 survivors (6144K)
 Metaspace       used 50748K, committed 51328K, reserved 1114112K
  class space    used 6537K, committed 6784K, reserved 1048576K
}
Event: 4.562 GC heap before
{Heap before GC invocations=9 (full 0):
 garbage-first heap   total 73728K, used 59664K [0x0000000708200000, 0x0000000800000000)
  region size 2048K, 21 young (43008K), 3 survivors (6144K)
 Metaspace       used 59943K, committed 60544K, reserved 1114112K
  class space    used 7959K, committed 8256K, reserved 1048576K
}
Event: 4.569 GC heap after
{Heap after GC invocations=10 (full 0):
 garbage-first heap   total 73728K, used 25242K [0x0000000708200000, 0x0000000800000000)
  region size 2048K, 2 young (4096K), 2 survivors (4096K)
 Metaspace       used 59943K, committed 60544K, reserved 1114112K
  class space    used 7959K, committed 8256K, reserved 1048576K
}
Event: 4.601 GC heap before
{Heap before GC invocations=10 (full 0):
 garbage-first heap   total 73728K, used 25242K [0x0000000708200000, 0x0000000800000000)
  region size 2048K, 3 young (6144K), 2 survivors (4096K)
 Metaspace       used 60599K, committed 61248K, reserved 1114112K
  class space    used 8056K, committed 8384K, reserved 1048576K
}
Event: 4.604 GC heap after
{Heap after GC invocations=11 (full 0):
 garbage-first heap   total 90112K, used 25261K [0x0000000708200000, 0x0000000800000000)
  region size 2048K, 2 young (4096K), 2 survivors (4096K)
 Metaspace       used 60599K, committed 61248K, reserved 1114112K
  class space    used 8056K, committed 8384K, reserved 1048576K
}

