# JRE version: OpenJDK Runtime Environment Temurin-17.0.11+9 (17.0.11+9) (build 17.0.11+9)
# Java VM: OpenJDK 64-Bit Server VM Temurin-17.0.11+9 (17.0.11+9, mixed mode, tiered, compressed oops, compressed class ptrs, parallel gc, linux-amd64)
GC Precious Log:
 CPUs: 8 total, 8 available
 Memory: 15861M
 Large Page Support: Disabled
 NUMA Support: Disabled
 Compressed Oops: Enabled (32-bit)
 Alignments: Space 512K, Generation 512K, Heap 2M
 Heap Min Capacity: 100M
 Heap Initial Capacity: 100M
 Heap Max Capacity: 1G
 Pre-touch: Disabled
 Parallel Workers: 8
Heap:
 PSYoungGen      total 46592K, used 37194K [0x00000000eab00000, 0x00000000eea00000, 0x0000000100000000)
  eden space 31232K, 70% used [0x00000000eab00000,0x00000000ec0736c0,0x00000000ec980000)
  from space 15360K, 99% used [0x00000000edb00000,0x00000000ee9df248,0x00000000eea00000)
  to   space 15872K, 0% used [0x00000000ecb00000,0x00000000ecb00000,0x00000000eda80000)
 ParOldGen       total 321024K, used 282176K [0x00000000c0000000, 0x00000000d3980000, 0x00000000eab00000)
  object space 321024K, 87% used [0x00000000c0000000,0x00000000d13902b8,0x00000000d3980000)
 Metaspace       used 67737K, committed 68992K, reserved 1114112K
  class space    used 7343K, committed 7872K, reserved 1048576K
GC Heap History (20 events):
Event: 11.611 GC heap before
{Heap before GC invocations=167 (full 10):
 PSYoungGen      total 22016K, used 22010K [0x00000000eab00000, 0x00000000ecc00000, 0x0000000100000000)
  eden space 16384K, 100% used [0x00000000eab00000,0x00000000ebb00000,0x00000000ebb00000)
  from space 5632K, 99% used [0x00000000ebb80000,0x00000000ec0fea48,0x00000000ec100000)
  to   space 8704K, 0% used [0x00000000ec380000,0x00000000ec380000,0x00000000ecc00000)
 ParOldGen       total 266240K, used 233036K [0x00000000c0000000, 0x00000000d0400000, 0x00000000eab00000)
  object space 266240K, 87% used [0x00000000c0000000,0x00000000ce393128,0x00000000d0400000)
 Metaspace       used 67718K, committed 68992K, reserved 1114112K
  class space    used 7342K, committed 7872K, reserved 1048576K
}
Event: 11.614 GC heap after
{Heap after GC invocations=167 (full 10):
 PSYoungGen      total 25088K, used 6413K [0x00000000eab00000, 0x00000000eca80000, 0x0000000100000000)
  eden space 17920K, 0% used [0x00000000eab00000,0x00000000eab00000,0x00000000ebc80000)
  from space 7168K, 89% used [0x00000000ec380000,0x00000000ec9c3488,0x00000000eca80000)
  to   space 7168K, 0% used [0x00000000ebc80000,0x00000000ebc80000,0x00000000ec380000)
 ParOldGen       total 266240K, used 236103K [0x00000000c0000000, 0x00000000d0400000, 0x00000000eab00000)
  object space 266240K, 88% used [0x00000000c0000000,0x00000000ce691c60,0x00000000d0400000)
 Metaspace       used 67718K, committed 68992K, reserved 1114112K
  class space    used 7342K, committed 7872K, reserved 1048576K
}
Event: 11.644 GC heap before
{Heap before GC invocations=168 (full 10):
 PSYoungGen      total 25088K, used 24333K [0x00000000eab00000, 0x00000000eca80000, 0x0000000100000000)
  eden space 17920K, 100% used [0x00000000eab00000,0x00000000ebc80000,0x00000000ebc80000)
  from space 7168K, 89% used [0x00000000ec380000,0x00000000ec9c3488,0x00000000eca80000)
  to   space 7168K, 0% used [0x00000000ebc80000,0x00000000ebc80000,0x00000000ec380000)
 ParOldGen       total 266240K, used 236103K [0x00000000c0000000, 0x00000000d0400000, 0x00000000eab00000)
  object space 266240K, 88% used [0x00000000c0000000,0x00000000ce691c60,0x00000000d0400000)
 Metaspace       used 67718K, committed 68992K, reserved 1114112K
  class space    used 7342K, committed 7872K, reserved 1048576K
}
Event: 11.648 GC heap after
{Heap after GC invocations=168 (full 10):
 PSYoungGen      total 25088K, used 7136K [0x00000000eab00000, 0x00000000ed300000, 0x0000000100000000)
  eden space 17920K, 0% used [0x00000000eab00000,0x00000000eab00000,0x00000000ebc80000)
  from space 7168K, 99% used [0x00000000ebc80000,0x00000000ec378038,0x00000000ec380000)
  to   space 10752K, 0% used [0x00000000ec880000,0x00000000ec880000,0x00000000ed300000)
 ParOldGen       total 266240K, used 239023K [0x00000000c0000000, 0x00000000d0400000, 0x00000000eab00000)
  object space 266240K, 89% used [0x00000000c0000000,0x00000000ce96bc48,0x00000000d0400000)
 Metaspace       used 67718K, committed 68992K, reserved 1114112K
  class space    used 7342K, committed 7872K, reserved 1048576K
}
Event: 11.680 GC heap before
{Heap before GC invocations=169 (full 10):
 PSYoungGen      total 25088K, used 25056K [0x00000000eab00000, 0x00000000ed300000, 0x0000000100000000)
  eden space 17920K, 100% used [0x00000000eab00000,0x00000000ebc80000,0x00000000ebc80000)
  from space 7168K, 99% used [0x00000000ebc80000,0x00000000ec378038,0x00000000ec380000)
  to   space 10752K, 0% used [0x00000000ec880000,0x00000000ec880000,0x00000000ed300000)
 ParOldGen       total 266240K, used 239023K [0x00000000c0000000, 0x00000000d0400000, 0x00000000eab00000)
  object space 266240K, 89% used [0x00000000c0000000,0x00000000ce96bc48,0x00000000d0400000)
 Metaspace       used 67718K, committed 68992K, reserved 1114112K
  class space    used 7342K, committed 7872K, reserved 1048576K
}
Event: 11.684 GC heap after
{Heap after GC invocations=169 (full 10):
 PSYoungGen      total 26624K, used 6862K [0x00000000eab00000, 0x00000000ecf80000, 0x0000000100000000)
  eden space 19456K, 0% used [0x00000000eab00000,0x00000000eab00000,0x00000000ebe00000)
  from space 7168K, 95% used [0x00000000ec880000,0x00000000ecf33990,0x00000000ecf80000)
  to   space 8192K, 0% used [0x00000000ebf80000,0x00000000ebf80000,0x00000000ec780000)
 ParOldGen       total 266240K, used 243238K [0x00000000c0000000, 0x00000000d0400000, 0x00000000eab00000)
  object space 266240K, 91% used [0x00000000c0000000,0x00000000ced899b8,0x00000000d0400000)
 Metaspace       used 67718K, committed 68992K, reserved 1114112K
  class space    used 7342K, committed 7872K, reserved 1048576K
}
Event: 11.725 GC heap before
{Heap before GC invocations=170 (full 10):
 PSYoungGen      total 26624K, used 26318K [0x00000000eab00000, 0x00000000ecf80000, 0x0000000100000000)
  eden space 19456K, 100% used [0x00000000eab00000,0x00000000ebe00000,0x00000000ebe00000)
  from space 7168K, 95% used [0x00000000ec880000,0x00000000ecf33990,0x00000000ecf80000)
  to   space 8192K, 0% used [0x00000000ebf80000,0x00000000ebf80000,0x00000000ec780000)
 ParOldGen       total 266240K, used 243238K [0x00000000c0000000, 0x00000000d0400000, 0x00000000eab00000)
  object space 266240K, 91% used [0x00000000c0000000,0x00000000ced899b8,0x00000000d0400000)
 Metaspace       used 67718K, committed 68992K, reserved 1114112K
  class space    used 7342K, committed 7872K, reserved 1048576K
}
Event: 11.729 GC heap after
{Heap after GC invocations=170 (full 10):
 PSYoungGen      total 29184K, used 8175K [0x00000000eab00000, 0x00000000ed800000, 0x0000000100000000)
  eden space 20992K, 0% used [0x00000000eab00000,0x00000000eab00000,0x00000000ebf80000)
  from space 8192K, 99% used [0x00000000ebf80000,0x00000000ec77bec0,0x00000000ec780000)
  to   space 12288K, 0% used [0x00000000ecc00000,0x00000000ecc00000,0x00000000ed800000)
 ParOldGen       total 266240K, used 246153K [0x00000000c0000000, 0x00000000d0400000, 0x00000000eab00000)
  object space 266240K, 92% used [0x00000000c0000000,0x00000000cf062768,0x00000000d0400000)
 Metaspace       used 67718K, committed 68992K, reserved 1114112K
  class space    used 7342K, committed 7872K, reserved 1048576K
}
Event: 11.766 GC heap before
{Heap before GC invocations=171 (full 10):
 PSYoungGen      total 29184K, used 29167K [0x00000000eab00000, 0x00000000ed800000, 0x0000000100000000)
  eden space 20992K, 100% used [0x00000000eab00000,0x00000000ebf80000,0x00000000ebf80000)
  from space 8192K, 99% used [0x00000000ebf80000,0x00000000ec77bec0,0x00000000ec780000)
  to   space 12288K, 0% used [0x00000000ecc00000,0x00000000ecc00000,0x00000000ed800000)
 ParOldGen       total 266240K, used 246153K [0x00000000c0000000, 0x00000000d0400000, 0x00000000eab00000)
  object space 266240K, 92% used [0x00000000c0000000,0x00000000cf062768,0x00000000d0400000)
 Metaspace       used 67718K, committed 68992K, reserved 1114112K
  class space    used 7342K, committed 7872K, reserved 1048576K
}
Event: 11.772 GC heap after
{Heap after GC invocations=171 (full 10):
 PSYoungGen      total 32256K, used 8809K [0x00000000eab00000, 0x00000000ed500000, 0x0000000100000000)
  eden space 23040K, 0% used [0x00000000eab00000,0x00000000eab00000,0x00000000ec180000)
  from space 9216K, 95% used [0x00000000ecc00000,0x00000000ed49a768,0x00000000ed500000)
  to   space 9728K, 0% used [0x00000000ec200000,0x00000000ec200000,0x00000000ecb80000)
 ParOldGen       total 266240K, used 250956K [0x00000000c0000000, 0x00000000d0400000, 0x00000000eab00000)
  object space 266240K, 94% used [0x00000000c0000000,0x00000000cf513148,0x00000000d0400000)
 Metaspace       used 67718K, committed 68992K, reserved 1114112K
  class space    used 7342K, committed 7872K, reserved 1048576K
}
Event: 11.796 GC heap before
{Heap before GC invocations=172 (full 10):
 PSYoungGen      total 32256K, used 31849K [0x00000000eab00000, 0x00000000ed500000, 0x0000000100000000)
  eden space 23040K, 100% used [0x00000000eab00000,0x00000000ec180000,0x00000000ec180000)
  from space 9216K, 95% used [0x00000000ecc00000,0x00000000ed49a768,0x00000000ed500000)
  to   space 9728K, 0% used [0x00000000ec200000,0x00000000ec200000,0x00000000ecb80000)
 ParOldGen       total 266240K, used 250956K [0x00000000c0000000, 0x00000000d0400000, 0x00000000eab00000)
  object space 266240K, 94% used [0x00000000c0000000,0x00000000cf513148,0x00000000d0400000)
 Metaspace       used 67718K, committed 68992K, reserved 1114112K
  class space    used 7342K, committed 7872K, reserved 1048576K
}
Event: 11.801 GC heap after
{Heap after GC invocations=172 (full 10):
 PSYoungGen      total 33280K, used 9723K [0x00000000eab00000, 0x00000000ee500000, 0x0000000100000000)
  eden space 23552K, 0% used [0x00000000eab00000,0x00000000eab00000,0x00000000ec200000)
  from space 9728K, 99% used [0x00000000ec200000,0x00000000ecb7ef48,0x00000000ecb80000)
  to   space 16896K, 0% used [0x00000000ed480000,0x00000000ed480000,0x00000000ee500000)
 ParOldGen       total 266240K, used 256508K [0x00000000c0000000, 0x00000000d0400000, 0x00000000eab00000)
  object space 266240K, 96% used [0x00000000c0000000,0x00000000cfa7f0a8,0x00000000d0400000)
 Metaspace       used 67718K, committed 68992K, reserved 1114112K
  class space    used 7342K, committed 7872K, reserved 1048576K
}
Event: 11.819 GC heap before
{Heap before GC invocations=173 (full 10):
 PSYoungGen      total 33280K, used 33275K [0x00000000eab00000, 0x00000000ee500000, 0x0000000100000000)
  eden space 23552K, 100% used [0x00000000eab00000,0x00000000ec200000,0x00000000ec200000)
  from space 9728K, 99% used [0x00000000ec200000,0x00000000ecb7ef48,0x00000000ecb80000)
  to   space 16896K, 0% used [0x00000000ed480000,0x00000000ed480000,0x00000000ee500000)
 ParOldGen       total 266240K, used 256508K [0x00000000c0000000, 0x00000000d0400000, 0x00000000eab00000)
  object space 266240K, 96% used [0x00000000c0000000,0x00000000cfa7f0a8,0x00000000d0400000)
 Metaspace       used 67718K, committed 68992K, reserved 1114112K
  class space    used 7342K, committed 7872K, reserved 1048576K
}
Event: 11.824 GC heap after
{Heap after GC invocations=173 (full 10):
 PSYoungGen      total 39424K, used 12468K [0x00000000eab00000, 0x00000000ee100000, 0x0000000100000000)
  eden space 26624K, 0% used [0x00000000eab00000,0x00000000eab00000,0x00000000ec500000)
  from space 12800K, 97% used [0x00000000ed480000,0x00000000ee0ad118,0x00000000ee100000)
  to   space 13824K, 0% used [0x00000000ec600000,0x00000000ec600000,0x00000000ed380000)
 ParOldGen       total 266240K, used 262333K [0x00000000c0000000, 0x00000000d0400000, 0x00000000eab00000)
  object space 266240K, 98% used [0x00000000c0000000,0x00000000d002f798,0x00000000d0400000)
 Metaspace       used 67718K, committed 68992K, reserved 1114112K
  class space    used 7342K, committed 7872K, reserved 1048576K
}
Event: 11.824 GC heap before
{Heap before GC invocations=174 (full 11):
 PSYoungGen      total 39424K, used 12468K [0x00000000eab00000, 0x00000000ee100000, 0x0000000100000000)
  eden space 26624K, 0% used [0x00000000eab00000,0x00000000eab00000,0x00000000ec500000)
  from space 12800K, 97% used [0x00000000ed480000,0x00000000ee0ad118,0x00000000ee100000)
  to   space 13824K, 0% used [0x00000000ec600000,0x00000000ec600000,0x00000000ed380000)
 ParOldGen       total 266240K, used 262333K [0x00000000c0000000, 0x00000000d0400000, 0x00000000eab00000)
  object space 266240K, 98% used [0x00000000c0000000,0x00000000d002f798,0x00000000d0400000)
 Metaspace       used 67718K, committed 68992K, reserved 1114112K
  class space    used 7342K, committed 7872K, reserved 1048576K
}
Event: 11.977 GC heap after
{Heap after GC invocations=174 (full 11):
 PSYoungGen      total 41472K, used 4987K [0x00000000eab00000, 0x00000000ee300000, 0x0000000100000000)
  eden space 28672K, 0% used [0x00000000eab00000,0x00000000eab00000,0x00000000ec700000)
  from space 12800K, 38% used [0x00000000ed480000,0x00000000ed95ec60,0x00000000ee100000)
  to   space 13824K, 0% used [0x00000000ec700000,0x00000000ec700000,0x00000000ed480000)
 ParOldGen       total 321024K, used 265915K [0x00000000c0000000, 0x00000000d3980000, 0x00000000eab00000)
  object space 321024K, 82% used [0x00000000c0000000,0x00000000d03aede0,0x00000000d3980000)
 Metaspace       used 67718K, committed 68992K, reserved 1114112K
  class space    used 7342K, committed 7872K, reserved 1048576K
}
Event: 12.005 GC heap before
{Heap before GC invocations=175 (full 11):
 PSYoungGen      total 41472K, used 33659K [0x00000000eab00000, 0x00000000ee300000, 0x0000000100000000)
  eden space 28672K, 100% used [0x00000000eab00000,0x00000000ec700000,0x00000000ec700000)
  from space 12800K, 38% used [0x00000000ed480000,0x00000000ed95ec60,0x00000000ee100000)
  to   space 13824K, 0% used [0x00000000ec700000,0x00000000ec700000,0x00000000ed480000)
 ParOldGen       total 321024K, used 265915K [0x00000000c0000000, 0x00000000d3980000, 0x00000000eab00000)
  object space 321024K, 82% used [0x00000000c0000000,0x00000000d03aede0,0x00000000d3980000)
 Metaspace       used 67718K, committed 68992K, reserved 1114112K
  class space    used 7342K, committed 7872K, reserved 1048576K
}
Event: 12.016 GC heap after
{Heap after GC invocations=175 (full 11):
 PSYoungGen      total 42496K, used 13813K [0x00000000eab00000, 0x00000000eec00000, 0x0000000100000000)
  eden space 28672K, 0% used [0x00000000eab00000,0x00000000eab00000,0x00000000ec700000)
  from space 13824K, 99% used [0x00000000ec700000,0x00000000ed47d548,0x00000000ed480000)
  to   space 17408K, 0% used [0x00000000edb00000,0x00000000edb00000,0x00000000eec00000)
 ParOldGen       total 321024K, used 268575K [0x00000000c0000000, 0x00000000d3980000, 0x00000000eab00000)
  object space 321024K, 83% used [0x00000000c0000000,0x00000000d0647f40,0x00000000d3980000)
 Metaspace       used 67718K, committed 68992K, reserved 1114112K
  class space    used 7342K, committed 7872K, reserved 1048576K
}
Event: 12.244 GC heap before
{Heap before GC invocations=176 (full 11):
 PSYoungGen      total 42496K, used 42464K [0x00000000eab00000, 0x00000000eec00000, 0x0000000100000000)
  eden space 28672K, 99% used [0x00000000eab00000,0x00000000ec6fae00,0x00000000ec700000)
  from space 13824K, 99% used [0x00000000ec700000,0x00000000ed47d548,0x00000000ed480000)
  to   space 17408K, 0% used [0x00000000edb00000,0x00000000edb00000,0x00000000eec00000)
 ParOldGen       total 321024K, used 268575K [0x00000000c0000000, 0x00000000d3980000, 0x00000000eab00000)
  object space 321024K, 83% used [0x00000000c0000000,0x00000000d0647f40,0x00000000d3980000)
 Metaspace       used 67736K, committed 68992K, reserved 1114112K
  class space    used 7343K, committed 7872K, reserved 1048576K
}
Event: 12.252 GC heap after
{Heap after GC invocations=176 (full 11):
 PSYoungGen      total 46592K, used 15228K [0x00000000eab00000, 0x00000000eea00000, 0x0000000100000000)
  eden space 31232K, 0% used [0x00000000eab00000,0x00000000eab00000,0x00000000ec980000)
  from space 15360K, 99% used [0x00000000edb00000,0x00000000ee9df248,0x00000000eea00000)
  to   space 15872K, 0% used [0x00000000ecb00000,0x00000000ecb00000,0x00000000eda80000)
 ParOldGen       total 321024K, used 282176K [0x00000000c0000000, 0x00000000d3980000, 0x00000000eab00000)
  object space 321024K, 87% used [0x00000000c0000000,0x00000000d13902b8,0x00000000d3980000)
 Metaspace       used 67736K, committed 68992K, reserved 1114112K
  class space    used 7343K, committed 7872K, reserved 1048576K
}

