# JRE version: OpenJDK Runtime Environment Temurin-17.0.11+9 (17.0.11+9) (build 17.0.11+9)
# Java VM: OpenJDK 64-Bit Server VM Temurin-17.0.11+9 (17.0.11+9, mixed mode, tiered, compressed oops, compressed class ptrs, parallel gc, linux-amd64)
GC Precious Log:
 CPUs: 8 total, 8 available
 Memory: 15861M
 Large Page Support: Disabled
 NUMA Support: Disabled
 Compressed Oops: Enabled (32-bit)
 Alignments: Space 512K, Generation 512K, Heap 2M
 Heap Min Capacity: 100M
 Heap Initial Capacity: 100M
 Heap Max Capacity: 1G
 Pre-touch: Disabled
 Parallel Workers: 8
Heap:
 PSYoungGen      total 18432K, used 18337K [0x00000000eab00000, 0x00000000eca00000, 0x0000000100000000)
  eden space 7680K, 99% used [0x00000000eab00000,0x00000000eb276070,0x00000000eb280000)
  from space 10752K, 99% used [0x00000000ebd80000,0x00000000ec7f24e0,0x00000000ec800000)
  to   space 11264K, 99% used [0x00000000eb280000,0x00000000ebd7e178,0x00000000ebd80000)
 ParOldGen       total 390656K, used 344055K [0x00000000c0000000, 0x00000000d7d80000, 0x00000000eab00000)
  object space 390656K, 88% used [0x00000000c0000000,0x00000000d4ffde58,0x00000000d7d80000)
 Metaspace       used 61089K, committed 62272K, reserved 1114112K
  class space    used 6540K, committed 7104K, reserved 1048576K
GC Heap History (20 events):
Event: 7.344 GC heap after
{Heap after GC invocations=125 (full 9):
 PSYoungGen      total 8704K, used 4227K [0x00000000eab00000, 0x00000000ebd80000, 0x0000000100000000)
  eden space 4096K, 0% used [0x00000000eab00000,0x00000000eab00000,0x00000000eaf00000)
  from space 4608K, 91% used [0x00000000eaf00000,0x00000000eb320c08,0x00000000eb380000)
  to   space 7168K, 0% used [0x00000000eb680000,0x00000000eb680000,0x00000000ebd80000)
 ParOldGen       total 323072K, used 304839K [0x00000000c0000000, 0x00000000d3b80000, 0x00000000eab00000)
  object space 323072K, 94% used [0x00000000c0000000,0x00000000d29b1d90,0x00000000d3b80000)
 Metaspace       used 61022K, committed 62208K, reserved 1114112K
  class space    used 6536K, committed 7040K, reserved 1048576K
}
Event: 7.390 GC heap before
{Heap before GC invocations=126 (full 9):
 PSYoungGen      total 8704K, used 8323K [0x00000000eab00000, 0x00000000ebd80000, 0x0000000100000000)
  eden space 4096K, 100% used [0x00000000eab00000,0x00000000eaf00000,0x00000000eaf00000)
  from space 4608K, 91% used [0x00000000eaf00000,0x00000000eb320c08,0x00000000eb380000)
  to   space 7168K, 0% used [0x00000000eb680000,0x00000000eb680000,0x00000000ebd80000)
 ParOldGen       total 323072K, used 304839K [0x00000000c0000000, 0x00000000d3b80000, 0x00000000eab00000)
  object space 323072K, 94% used [0x00000000c0000000,0x00000000d29b1d90,0x00000000d3b80000)
 Metaspace       used 61022K, committed 62208K, reserved 1114112K
  class space    used 6536K, committed 7040K, reserved 1048576K
}
Event: 7.395 GC heap after
{Heap after GC invocations=126 (full 9):
 PSYoungGen      total 11264K, used 6950K [0x00000000eab00000, 0x00000000ebe80000, 0x0000000100000000)
  eden space 4096K, 0% used [0x00000000eab00000,0x00000000eab00000,0x00000000eaf00000)
  from space 7168K, 96% used [0x00000000eb680000,0x00000000ebd49af0,0x00000000ebd80000)
  to   space 7680K, 0% used [0x00000000eaf00000,0x00000000eaf00000,0x00000000eb680000)
 ParOldGen       total 323072K, used 306183K [0x00000000c0000000, 0x00000000d3b80000, 0x00000000eab00000)
  object space 323072K, 94% used [0x00000000c0000000,0x00000000d2b01d90,0x00000000d3b80000)
 Metaspace       used 61022K, committed 62208K, reserved 1114112K
  class space    used 6536K, committed 7040K, reserved 1048576K
}
Event: 7.455 GC heap before
{Heap before GC invocations=127 (full 9):
 PSYoungGen      total 11264K, used 10703K [0x00000000eab00000, 0x00000000ebe80000, 0x0000000100000000)
  eden space 4096K, 91% used [0x00000000eab00000,0x00000000eaeaa508,0x00000000eaf00000)
  from space 7168K, 96% used [0x00000000eb680000,0x00000000ebd49af0,0x00000000ebd80000)
  to   space 7680K, 0% used [0x00000000eaf00000,0x00000000eaf00000,0x00000000eb680000)
 ParOldGen       total 323072K, used 306183K [0x00000000c0000000, 0x00000000d3b80000, 0x00000000eab00000)
  object space 323072K, 94% used [0x00000000c0000000,0x00000000d2b01d90,0x00000000d3b80000)
 Metaspace       used 61022K, committed 62208K, reserved 1114112K
  class space    used 6536K, committed 7040K, reserved 1048576K
}
Event: 7.464 GC heap after
{Heap after GC invocations=127 (full 9):
 PSYoungGen      total 11776K, used 7677K [0x00000000eab00000, 0x00000000ec580000, 0x0000000100000000)
  eden space 4096K, 0% used [0x00000000eab00000,0x00000000eab00000,0x00000000eaf00000)
  from space 7680K, 99% used [0x00000000eaf00000,0x00000000eb67f7b0,0x00000000eb680000)
  to   space 11264K, 0% used [0x00000000eba80000,0x00000000eba80000,0x00000000ec580000)
 ParOldGen       total 323072K, used 308962K [0x00000000c0000000, 0x00000000d3b80000, 0x00000000eab00000)
  object space 323072K, 95% used [0x00000000c0000000,0x00000000d2db8808,0x00000000d3b80000)
 Metaspace       used 61022K, committed 62208K, reserved 1114112K
  class space    used 6536K, committed 7040K, reserved 1048576K
}
Event: 7.509 GC heap before
{Heap before GC invocations=128 (full 9):
 PSYoungGen      total 11776K, used 11773K [0x00000000eab00000, 0x00000000ec580000, 0x0000000100000000)
  eden space 4096K, 100% used [0x00000000eab00000,0x00000000eaf00000,0x00000000eaf00000)
  from space 7680K, 99% used [0x00000000eaf00000,0x00000000eb67f7b0,0x00000000eb680000)
  to   space 11264K, 0% used [0x00000000eba80000,0x00000000eba80000,0x00000000ec580000)
 ParOldGen       total 323072K, used 308962K [0x00000000c0000000, 0x00000000d3b80000, 0x00000000eab00000)
  object space 323072K, 95% used [0x00000000c0000000,0x00000000d2db8808,0x00000000d3b80000)
 Metaspace       used 61022K, committed 62208K, reserved 1114112K
  class space    used 6536K, committed 7040K, reserved 1048576K
}
Event: 7.517 GC heap after
{Heap after GC invocations=128 (full 9):
 PSYoungGen      total 11776K, used 7046K [0x00000000eab00000, 0x00000000ec180000, 0x0000000100000000)
  eden space 4608K, 0% used [0x00000000eab00000,0x00000000eab00000,0x00000000eaf80000)
  from space 7168K, 98% used [0x00000000eba80000,0x00000000ec1619e0,0x00000000ec180000)
  to   space 8704K, 0% used [0x00000000eb080000,0x00000000eb080000,0x00000000eb900000)
 ParOldGen       total 323072K, used 313843K [0x00000000c0000000, 0x00000000d3b80000, 0x00000000eab00000)
  object space 323072K, 97% used [0x00000000c0000000,0x00000000d327ccc8,0x00000000d3b80000)
 Metaspace       used 61022K, committed 62208K, reserved 1114112K
  class space    used 6536K, committed 7040K, reserved 1048576K
}
Event: 7.584 GC heap before
{Heap before GC invocations=129 (full 9):
 PSYoungGen      total 11776K, used 11654K [0x00000000eab00000, 0x00000000ec180000, 0x0000000100000000)
  eden space 4608K, 100% used [0x00000000eab00000,0x00000000eaf80000,0x00000000eaf80000)
  from space 7168K, 98% used [0x00000000eba80000,0x00000000ec1619e0,0x00000000ec180000)
  to   space 8704K, 0% used [0x00000000eb080000,0x00000000eb080000,0x00000000eb900000)
 ParOldGen       total 323072K, used 313843K [0x00000000c0000000, 0x00000000d3b80000, 0x00000000eab00000)
  object space 323072K, 97% used [0x00000000c0000000,0x00000000d327ccc8,0x00000000d3b80000)
 Metaspace       used 61022K, committed 62208K, reserved 1114112K
  class space    used 6536K, committed 7040K, reserved 1048576K
}
Event: 7.593 GC heap after
{Heap after GC invocations=129 (full 9):
 PSYoungGen      total 13824K, used 8680K [0x00000000eab00000, 0x00000000ec900000, 0x0000000100000000)
  eden space 5120K, 0% used [0x00000000eab00000,0x00000000eab00000,0x00000000eb000000)
  from space 8704K, 99% used [0x00000000eb080000,0x00000000eb8fa2e0,0x00000000eb900000)
  to   space 12800K, 0% used [0x00000000ebc80000,0x00000000ebc80000,0x00000000ec900000)
 ParOldGen       total 323072K, used 316675K [0x00000000c0000000, 0x00000000d3b80000, 0x00000000eab00000)
  object space 323072K, 98% used [0x00000000c0000000,0x00000000d3540cc8,0x00000000d3b80000)
 Metaspace       used 61022K, committed 62208K, reserved 1114112K
  class space    used 6536K, committed 7040K, reserved 1048576K
}
Event: 7.676 GC heap before
{Heap before GC invocations=130 (full 9):
 PSYoungGen      total 13824K, used 13800K [0x00000000eab00000, 0x00000000ec900000, 0x0000000100000000)
  eden space 5120K, 100% used [0x00000000eab00000,0x00000000eb000000,0x00000000eb000000)
  from space 8704K, 99% used [0x00000000eb080000,0x00000000eb8fa2e0,0x00000000eb900000)
  to   space 12800K, 0% used [0x00000000ebc80000,0x00000000ebc80000,0x00000000ec900000)
 ParOldGen       total 323072K, used 316675K [0x00000000c0000000, 0x00000000d3b80000, 0x00000000eab00000)
  object space 323072K, 98% used [0x00000000c0000000,0x00000000d3540cc8,0x00000000d3b80000)
 Metaspace       used 61022K, committed 62208K, reserved 1114112K
  class space    used 6536K, committed 7040K, reserved 1048576K
}
Event: 7.684 GC heap after
{Heap after GC invocations=130 (full 9):
 PSYoungGen      total 14336K, used 8624K [0x00000000eab00000, 0x00000000ec500000, 0x0000000100000000)
  eden space 5632K, 0% used [0x00000000eab00000,0x00000000eab00000,0x00000000eb080000)
  from space 8704K, 99% used [0x00000000ebc80000,0x00000000ec4ec2f8,0x00000000ec500000)
  to   space 9728K, 0% used [0x00000000eb200000,0x00000000eb200000,0x00000000ebb80000)
 ParOldGen       total 323072K, used 322010K [0x00000000c0000000, 0x00000000d3b80000, 0x00000000eab00000)
  object space 323072K, 99% used [0x00000000c0000000,0x00000000d3a76a80,0x00000000d3b80000)
 Metaspace       used 61022K, committed 62208K, reserved 1114112K
  class space    used 6536K, committed 7040K, reserved 1048576K
}
Event: 7.684 GC heap before
{Heap before GC invocations=131 (full 10):
 PSYoungGen      total 14336K, used 8624K [0x00000000eab00000, 0x00000000ec500000, 0x0000000100000000)
  eden space 5632K, 0% used [0x00000000eab00000,0x00000000eab00000,0x00000000eb080000)
  from space 8704K, 99% used [0x00000000ebc80000,0x00000000ec4ec2f8,0x00000000ec500000)
  to   space 9728K, 0% used [0x00000000eb200000,0x00000000eb200000,0x00000000ebb80000)
 ParOldGen       total 323072K, used 322010K [0x00000000c0000000, 0x00000000d3b80000, 0x00000000eab00000)
  object space 323072K, 99% used [0x00000000c0000000,0x00000000d3a76a80,0x00000000d3b80000)
 Metaspace       used 61022K, committed 62208K, reserved 1114112K
  class space    used 6536K, committed 7040K, reserved 1048576K
}
Event: 7.835 GC heap after
{Heap after GC invocations=131 (full 10):
 PSYoungGen      total 7168K, used 0K [0x00000000eab00000, 0x00000000ec480000, 0x0000000100000000)
  eden space 6656K, 0% used [0x00000000eab00000,0x00000000eab00000,0x00000000eb180000)
  from space 512K, 0% used [0x00000000eb200000,0x00000000eb200000,0x00000000eb280000)
  to   space 9728K, 0% used [0x00000000ebb00000,0x00000000ebb00000,0x00000000ec480000)
 ParOldGen       total 390656K, used 319604K [0x00000000c0000000, 0x00000000d7d80000, 0x00000000eab00000)
  object space 390656K, 81% used [0x00000000c0000000,0x00000000d381d370,0x00000000d7d80000)
 Metaspace       used 61022K, committed 62208K, reserved 1114112K
  class space    used 6536K, committed 7040K, reserved 1048576K
}
Event: 7.920 GC heap before
{Heap before GC invocations=132 (full 10):
 PSYoungGen      total 7168K, used 6625K [0x00000000eab00000, 0x00000000ec480000, 0x0000000100000000)
  eden space 6656K, 99% used [0x00000000eab00000,0x00000000eb178408,0x00000000eb180000)
  from space 512K, 0% used [0x00000000eb200000,0x00000000eb200000,0x00000000eb280000)
  to   space 9728K, 0% used [0x00000000ebb00000,0x00000000ebb00000,0x00000000ec480000)
 ParOldGen       total 390656K, used 319604K [0x00000000c0000000, 0x00000000d7d80000, 0x00000000eab00000)
  object space 390656K, 81% used [0x00000000c0000000,0x00000000d381d370,0x00000000d7d80000)
 Metaspace       used 61043K, committed 62208K, reserved 1114112K
  class space    used 6536K, committed 7040K, reserved 1048576K
}
Event: 7.924 GC heap after
{Heap after GC invocations=132 (full 10):
 PSYoungGen      total 13312K, used 5199K [0x00000000eab00000, 0x00000000ec080000, 0x0000000100000000)
  eden space 7680K, 0% used [0x00000000eab00000,0x00000000eab00000,0x00000000eb280000)
  from space 5632K, 92% used [0x00000000ebb00000,0x00000000ec013fa0,0x00000000ec080000)
  to   space 6656K, 0% used [0x00000000eb380000,0x00000000eb380000,0x00000000eba00000)
 ParOldGen       total 390656K, used 319604K [0x00000000c0000000, 0x00000000d7d80000, 0x00000000eab00000)
  object space 390656K, 81% used [0x00000000c0000000,0x00000000d381d370,0x00000000d7d80000)
 Metaspace       used 61043K, committed 62208K, reserved 1114112K
  class space    used 6536K, committed 7040K, reserved 1048576K
}
Event: 8.823 GC heap before
{Heap before GC invocations=133 (full 10):
 PSYoungGen      total 13312K, used 12879K [0x00000000eab00000, 0x00000000ec080000, 0x0000000100000000)
  eden space 7680K, 100% used [0x00000000eab00000,0x00000000eb280000,0x00000000eb280000)
  from space 5632K, 92% used [0x00000000ebb00000,0x00000000ec013fa0,0x00000000ec080000)
  to   space 6656K, 0% used [0x00000000eb380000,0x00000000eb380000,0x00000000eba00000)
 ParOldGen       total 390656K, used 319604K [0x00000000c0000000, 0x00000000d7d80000, 0x00000000eab00000)
  object space 390656K, 81% used [0x00000000c0000000,0x00000000d381d370,0x00000000d7d80000)
 Metaspace       used 61075K, committed 62272K, reserved 1114112K
  class space    used 6539K, committed 7104K, reserved 1048576K
}
Event: 8.830 GC heap after
{Heap after GC invocations=133 (full 10):
 PSYoungGen      total 14848K, used 6639K [0x00000000eab00000, 0x00000000ec800000, 0x0000000100000000)
  eden space 8192K, 0% used [0x00000000eab00000,0x00000000eab00000,0x00000000eb300000)
  from space 6656K, 99% used [0x00000000eb380000,0x00000000eb9fbc00,0x00000000eba00000)
  to   space 10752K, 0% used [0x00000000ebd80000,0x00000000ebd80000,0x00000000ec800000)
 ParOldGen       total 390656K, used 322584K [0x00000000c0000000, 0x00000000d7d80000, 0x00000000eab00000)
  object space 390656K, 82% used [0x00000000c0000000,0x00000000d3b06340,0x00000000d7d80000)
 Metaspace       used 61075K, committed 62272K, reserved 1114112K
  class space    used 6539K, committed 7104K, reserved 1048576K
}
Event: 8.844 GC heap before
{Heap before GC invocations=134 (full 10):
 PSYoungGen      total 14848K, used 14831K [0x00000000eab00000, 0x00000000ec800000, 0x0000000100000000)
  eden space 8192K, 100% used [0x00000000eab00000,0x00000000eb300000,0x00000000eb300000)
  from space 6656K, 99% used [0x00000000eb380000,0x00000000eb9fbc00,0x00000000eba00000)
  to   space 10752K, 0% used [0x00000000ebd80000,0x00000000ebd80000,0x00000000ec800000)
 ParOldGen       total 390656K, used 322584K [0x00000000c0000000, 0x00000000d7d80000, 0x00000000eab00000)
  object space 390656K, 82% used [0x00000000c0000000,0x00000000d3b06340,0x00000000d7d80000)
 Metaspace       used 61080K, committed 62272K, reserved 1114112K
  class space    used 6540K, committed 7104K, reserved 1048576K
}
Event: 8.849 GC heap after
{Heap after GC invocations=134 (full 10):
 PSYoungGen      total 18432K, used 10697K [0x00000000eab00000, 0x00000000eca00000, 0x0000000100000000)
  eden space 7680K, 0% used [0x00000000eab00000,0x00000000eab00000,0x00000000eb280000)
  from space 10752K, 99% used [0x00000000ebd80000,0x00000000ec7f24e0,0x00000000ec800000)
  to   space 11264K, 0% used [0x00000000eb280000,0x00000000eb280000,0x00000000ebd80000)
 ParOldGen       total 390656K, used 322592K [0x00000000c0000000, 0x00000000d7d80000, 0x00000000eab00000)
  object space 390656K, 82% used [0x00000000c0000000,0x00000000d3b08340,0x00000000d7d80000)
 Metaspace       used 61080K, committed 62272K, reserved 1114112K
  class space    used 6540K, committed 7104K, reserved 1048576K
}
Event: 8.877 GC heap before
{Heap before GC invocations=135 (full 10):
 PSYoungGen      total 18432K, used 18337K [0x00000000eab00000, 0x00000000eca00000, 0x0000000100000000)
  eden space 7680K, 99% used [0x00000000eab00000,0x00000000eb276070,0x00000000eb280000)
  from space 10752K, 99% used [0x00000000ebd80000,0x00000000ec7f24e0,0x00000000ec800000)
  to   space 11264K, 0% used [0x00000000eb280000,0x00000000eb280000,0x00000000ebd80000)
 ParOldGen       total 390656K, used 322592K [0x00000000c0000000, 0x00000000d7d80000, 0x00000000eab00000)
  object space 390656K, 82% used [0x00000000c0000000,0x00000000d3b08340,0x00000000d7d80000)
 Metaspace       used 61089K, committed 62272K, reserved 1114112K
  class space    used 6540K, committed 7104K, reserved 1048576K
}

